init_map
init_lua_objects(): Starting
init_lua_objects(): register lua functions
Starting Lua [lua\init.lua]
dofile(lua/util.lua)	
Util.lua!!!	
[init.lua]: loading objects	
dofile(lua/game.lua)	
dofile(lua/init_map.lua)	
dofile(lua/objects.lua)	
dofile(lua/visrep.lua)	
dofile(lua/traits.lua)	
dofile(lua/obj_tnk.lua)	
Object type [mainship] defined.	
Loading SpriteType(mainship)...
Table(IndexedBy = imgdir) with 40 elements
...done loading SpriteType
Object type [heli] defined.	
Loading SpriteType(heli)...
Table(IndexedBy = @Layer) with 2 elements
Table(IndexedBy = imgdir) with 40 elements
Table(IndexedBy = rimgdir) with 10 elements
...done loading SpriteType
Object type [hovercraft] defined.	
Loading SpriteType(hovercraft)...
Table(IndexedBy = imgdir) with 40 elements
...done loading SpriteType
Object type [litetank] defined.	
Loading SpriteType(litetank)...
Table(IndexedBy = imgdir) with 40 elements
...done loading SpriteType
Object type [tank] defined.	
Loading SpriteType(tank)...
Table(IndexedBy = @Layer) with 2 elements
Table(IndexedBy = imgdir) with 40 elements
Table(IndexedBy = timgdir) with 40 elements
...done loading SpriteType
Object type [atank] defined.	
Loading SpriteType(atank)...
Table(IndexedBy = @Layer) with 2 elements
Table(IndexedBy = imgdir) with 40 elements
Table(IndexedBy = timgdir) with 40 elements
...done loading SpriteType
dofile(lua/obj_bse.lua)	
Object type [Base] defined.	
Loading SpriteType(Base)...
Table(IndexedBy = Condition) with 2 elements
...done loading SpriteType
Object type [mainbase] defined.	
Loading SpriteType(mainbase)...
...done loading SpriteType
Object type [minibase] defined.	
Loading SpriteType(minibase)...
...done loading SpriteType
dofile(lua/obj_flg.lua)	
Object type [flag] defined.	
Loading SpriteType(flag)...
Table(IndexedBy = flagimg) with 4 elements
...done loading SpriteType
dofile(lua/obj_expl.lua)	
Object type [explosion] defined.	
Loading SpriteType(explosion)...
Table(IndexedBy = rimgdir) with 9 elements
...done loading SpriteType
dofile(lua/obj_proj.lua)	
Object type [bullet] defined.	
Loading SpriteType(bullet)...
...done loading SpriteType
Object type [missile] defined.	
Loading SpriteType(missile)...
...done loading SpriteType
[init.lua]: loading complete	
setup game sprites	
table: 01978EA0	
  [number]: 0 = [table] table: 019D02F8	
1 entry.	
setup_game() finished
keydown = (27)'27'	
